# JRE version: OpenJDK Runtime Environment (8.0_212-b04) (build 1.8.0_212-release-1586-b04)
# Java VM: OpenJDK 64-Bit Server VM (25.212-b04 mixed mode windows-amd64 compressed oops)
Heap:
 PSYoungGen      total 161280K, used 134672K [0x00000000e0000000, 0x00000000eb600000, 0x0000000100000000)
  eden space 146944K, 91% used [0x00000000e0000000,0x00000000e8384150,0x00000000e8f80000)
  from space 14336K, 0% used [0x00000000e9a00000,0x00000000e9a00000,0x00000000ea800000)
  to   space 12288K, 0% used [0x00000000eaa00000,0x00000000eaa00000,0x00000000eb600000)
 ParOldGen       total 131072K, used 35954K [0x00000000a0000000, 0x00000000a8000000, 0x00000000e0000000)
  object space 131072K, 27% used [0x00000000a0000000,0x00000000a231ca10,0x00000000a8000000)
 Metaspace       used 62595K, capacity 65096K, committed 65152K, reserved 1105920K
  class space    used 8523K, capacity 9075K, committed 9088K, reserved 1048576K
GC Heap History (10 events):
Event: 6.334 GC heap before
{Heap before GC invocations=10 (full 1):
 PSYoungGen      total 123392K, used 67104K [0x00000000e0000000, 0x00000000e8480000, 0x0000000100000000)
  eden space 111616K, 52% used [0x00000000e0000000,0x00000000e394a8f8,0x00000000e6d00000)
  from space 11776K, 71% used [0x00000000e7880000,0x00000000e80bdae0,0x00000000e8400000)
  to   space 11776K, 0% used [0x00000000e6d00000,0x00000000e6d00000,0x00000000e7880000)
 ParOldGen       total 55808K, used 10001K [0x00000000a0000000, 0x00000000a3680000, 0x00000000e0000000)
  object space 55808K, 17% used [0x00000000a0000000,0x00000000a09c4510,0x00000000a3680000)
 Metaspace       used 34609K, capacity 35396K, committed 35456K, reserved 1079296K
  class space    used 4755K, capacity 4979K, committed 4992K, reserved 1048576K
Event: 6.342 GC heap after
Heap after GC invocations=10 (full 1):
 PSYoungGen      total 123392K, used 9750K [0x00000000e0000000, 0x00000000eb600000, 0x0000000100000000)
  eden space 111616K, 0% used [0x00000000e0000000,0x00000000e0000000,0x00000000e6d00000)
  from space 11776K, 82% used [0x00000000e6d00000,0x00000000e7685a48,0x00000000e7880000)
  to   space 12288K, 0% used [0x00000000eaa00000,0x00000000eaa00000,0x00000000eb600000)
 ParOldGen       total 55808K, used 10009K [0x00000000a0000000, 0x00000000a3680000, 0x00000000e0000000)
  object space 55808K, 17% used [0x00000000a0000000,0x00000000a09c6510,0x00000000a3680000)
 Metaspace       used 34609K, capacity 35396K, committed 35456K, reserved 1079296K
  class space    used 4755K, capacity 4979K, committed 4992K, reserved 1048576K
}
Event: 6.342 GC heap before
{Heap before GC invocations=11 (full 2):
 PSYoungGen      total 123392K, used 9750K [0x00000000e0000000, 0x00000000eb600000, 0x0000000100000000)
  eden space 111616K, 0% used [0x00000000e0000000,0x00000000e0000000,0x00000000e6d00000)
  from space 11776K, 82% used [0x00000000e6d00000,0x00000000e7685a48,0x00000000e7880000)
  to   space 12288K, 0% used [0x00000000eaa00000,0x00000000eaa00000,0x00000000eb600000)
 ParOldGen       total 55808K, used 10009K [0x00000000a0000000, 0x00000000a3680000, 0x00000000e0000000)
  object space 55808K, 17% used [0x00000000a0000000,0x00000000a09c6510,0x00000000a3680000)
 Metaspace       used 34609K, capacity 35396K, committed 35456K, reserved 1079296K
  class space    used 4755K, capacity 4979K, committed 4992K, reserved 1048576K
Event: 6.382 GC heap after
Heap after GC invocations=11 (full 2):
 PSYoungGen      total 123392K, used 0K [0x00000000e0000000, 0x00000000eb600000, 0x0000000100000000)
  eden space 111616K, 0% used [0x00000000e0000000,0x00000000e0000000,0x00000000e6d00000)
  from space 11776K, 0% used [0x00000000e6d00000,0x00000000e6d00000,0x00000000e7880000)
  to   space 12288K, 0% used [0x00000000eaa00000,0x00000000eaa00000,0x00000000eb600000)
 ParOldGen       total 82432K, used 16802K [0x00000000a0000000, 0x00000000a5080000, 0x00000000e0000000)
  object space 82432K, 20% used [0x00000000a0000000,0x00000000a1068850,0x00000000a5080000)
 Metaspace       used 34577K, capacity 35288K, committed 35456K, reserved 1079296K
  class space    used 4745K, capacity 4961K, committed 4992K, reserved 1048576K
}
Event: 7.401 GC heap before
{Heap before GC invocations=12 (full 2):
 PSYoungGen      total 123392K, used 111616K [0x00000000e0000000, 0x00000000eb600000, 0x0000000100000000)
  eden space 111616K, 100% used [0x00000000e0000000,0x00000000e6d00000,0x00000000e6d00000)
  from space 11776K, 0% used [0x00000000e6d00000,0x00000000e6d00000,0x00000000e7880000)
  to   space 12288K, 0% used [0x00000000eaa00000,0x00000000eaa00000,0x00000000eb600000)
 ParOldGen       total 82432K, used 16802K [0x00000000a0000000, 0x00000000a5080000, 0x00000000e0000000)
  object space 82432K, 20% used [0x00000000a0000000,0x00000000a1068850,0x00000000a5080000)
 Metaspace       used 45460K, capacity 46598K, committed 46848K, reserved 1089536K
  class space    used 6104K, capacity 6391K, committed 6400K, reserved 1048576K
Event: 7.419 GC heap after
Heap after GC invocations=12 (full 2):
 PSYoungGen      total 159232K, used 12276K [0x00000000e0000000, 0x00000000eb600000, 0x0000000100000000)
  eden space 146944K, 0% used [0x00000000e0000000,0x00000000e0000000,0x00000000e8f80000)
  from space 12288K, 99% used [0x00000000eaa00000,0x00000000eb5fd0a8,0x00000000eb600000)
  to   space 14336K, 0% used [0x00000000e9a00000,0x00000000e9a00000,0x00000000ea800000)
 ParOldGen       total 82432K, used 18741K [0x00000000a0000000, 0x00000000a5080000, 0x00000000e0000000)
  object space 82432K, 22% used [0x00000000a0000000,0x00000000a124d5a0,0x00000000a5080000)
 Metaspace       used 45460K, capacity 46598K, committed 46848K, reserved 1089536K
  class space    used 6104K, capacity 6391K, committed 6400K, reserved 1048576K
}
Event: 9.949 GC heap before
{Heap before GC invocations=13 (full 2):
 PSYoungGen      total 159232K, used 154565K [0x00000000e0000000, 0x00000000eb600000, 0x0000000100000000)
  eden space 146944K, 96% used [0x00000000e0000000,0x00000000e8af44e0,0x00000000e8f80000)
  from space 12288K, 99% used [0x00000000eaa00000,0x00000000eb5fd0a8,0x00000000eb600000)
  to   space 14336K, 0% used [0x00000000e9a00000,0x00000000e9a00000,0x00000000ea800000)
 ParOldGen       total 82432K, used 18741K [0x00000000a0000000, 0x00000000a5080000, 0x00000000e0000000)
  object space 82432K, 22% used [0x00000000a0000000,0x00000000a124d5a0,0x00000000a5080000)
 Metaspace       used 57157K, capacity 58978K, committed 59096K, reserved 1099776K
  class space    used 7924K, capacity 8348K, committed 8448K, reserved 1048576K
Event: 9.985 GC heap after
Heap after GC invocations=13 (full 2):
 PSYoungGen      total 161280K, used 14328K [0x00000000e0000000, 0x00000000eb600000, 0x0000000100000000)
  eden space 146944K, 0% used [0x00000000e0000000,0x00000000e0000000,0x00000000e8f80000)
  from space 14336K, 99% used [0x00000000e9a00000,0x00000000ea7fe178,0x00000000ea800000)
  to   space 12288K, 0% used [0x00000000eaa00000,0x00000000eaa00000,0x00000000eb600000)
 ParOldGen       total 82432K, used 26897K [0x00000000a0000000, 0x00000000a5080000, 0x00000000e0000000)
  object space 82432K, 32% used [0x00000000a0000000,0x00000000a1a44508,0x00000000a5080000)
 Metaspace       used 57157K, capacity 58978K, committed 59096K, reserved 1099776K
  class space    used 7924K, capacity 8348K, committed 8448K, reserved 1048576K
}
Event: 9.985 GC heap before
{Heap before GC invocations=14 (full 3):
 PSYoungGen      total 161280K, used 14328K [0x00000000e0000000, 0x00000000eb600000, 0x0000000100000000)
  eden space 146944K, 0% used [0x00000000e0000000,0x00000000e0000000,0x00000000e8f80000)
  from space 14336K, 99% used [0x00000000e9a00000,0x00000000ea7fe178,0x00000000ea800000)
  to   space 12288K, 0% used [0x00000000eaa00000,0x00000000eaa00000,0x00000000eb600000)
 ParOldGen       total 82432K, used 26897K [0x00000000a0000000, 0x00000000a5080000, 0x00000000e0000000)
  object space 82432K, 32% used [0x00000000a0000000,0x00000000a1a44508,0x00000000a5080000)
 Metaspace       used 57157K, capacity 58978K, committed 59096K, reserved 1099776K
  class space    used 7924K, capacity 8348K, committed 8448K, reserved 1048576K
Event: 10.374 GC heap after
Heap after GC invocations=14 (full 3):
 PSYoungGen      total 161280K, used 0K [0x00000000e0000000, 0x00000000eb600000, 0x0000000100000000)
  eden space 146944K, 0% used [0x00000000e0000000,0x00000000e0000000,0x00000000e8f80000)
  from space 14336K, 0% used [0x00000000e9a00000,0x00000000e9a00000,0x00000000ea800000)
  to   space 12288K, 0% used [0x00000000eaa00000,0x00000000eaa00000,0x00000000eb600000)
 ParOldGen       total 131072K, used 35954K [0x00000000a0000000, 0x00000000a8000000, 0x00000000e0000000)
  object space 131072K, 27% used [0x00000000a0000000,0x00000000a231ca10,0x00000000a8000000)
 Metaspace       used 57157K, capacity 58978K, committed 59096K, reserved 1099776K
  class space    used 7924K, capacity 8348K, committed 8448K, reserved 1048576K
}

