# JRE version: OpenJDK Runtime Environment (8.0_212-b04) (build 1.8.0_212-release-1586-b04)
# Java VM: OpenJDK 64-Bit Server VM (25.212-b04 mixed mode windows-amd64 compressed oops)
Heap:
 PSYoungGen      total 188928K, used 38458K [0x00000000e0000000, 0x00000000eec80000, 0x0000000100000000)
  eden space 169472K, 12% used [0x00000000e0000000,0x00000000e144b200,0x00000000ea580000)
  from space 19456K, 90% used [0x00000000ea580000,0x00000000eb6c39f0,0x00000000eb880000)
  to   space 21504K, 0% used [0x00000000ed780000,0x00000000ed780000,0x00000000eec80000)
 ParOldGen       total 131072K, used 29432K [0x00000000a0000000, 0x00000000a8000000, 0x00000000e0000000)
  object space 131072K, 22% used [0x00000000a0000000,0x00000000a1cbe1a8,0x00000000a8000000)
 Metaspace       used 63042K, capacity 65396K, committed 65536K, reserved 1105920K
  class space    used 8570K, capacity 9095K, committed 9216K, reserved 1048576K
GC Heap History (10 events):
Event: 9.223 GC heap before
{Heap before GC invocations=12 (full 2):
 PSYoungGen      total 122880K, used 111104K [0x00000000e0000000, 0x00000000eb200000, 0x0000000100000000)
  eden space 111104K, 100% used [0x00000000e0000000,0x00000000e6c80000,0x00000000e6c80000)
  from space 11776K, 0% used [0x00000000e6c80000,0x00000000e6c80000,0x00000000e7800000)
  to   space 11776K, 0% used [0x00000000ea680000,0x00000000ea680000,0x00000000eb200000)
 ParOldGen       total 86016K, used 15519K [0x00000000a0000000, 0x00000000a5400000, 0x00000000e0000000)
  object space 86016K, 18% used [0x00000000a0000000,0x00000000a0f27d50,0x00000000a5400000)
 Metaspace       used 44760K, capacity 45864K, committed 46080K, reserved 1089536K
  class space    used 6039K, capacity 6322K, committed 6400K, reserved 1048576K
Event: 9.236 GC heap after
Heap after GC invocations=12 (full 2):
 PSYoungGen      total 148992K, used 11761K [0x00000000e0000000, 0x00000000eb200000, 0x0000000100000000)
  eden space 137216K, 0% used [0x00000000e0000000,0x00000000e0000000,0x00000000e8600000)
  from space 11776K, 99% used [0x00000000ea680000,0x00000000eb1fc4f0,0x00000000eb200000)
  to   space 14336K, 0% used [0x00000000e9600000,0x00000000e9600000,0x00000000ea400000)
 ParOldGen       total 86016K, used 18699K [0x00000000a0000000, 0x00000000a5400000, 0x00000000e0000000)
  object space 86016K, 21% used [0x00000000a0000000,0x00000000a1242fb0,0x00000000a5400000)
 Metaspace       used 44760K, capacity 45864K, committed 46080K, reserved 1089536K
  class space    used 6039K, capacity 6322K, committed 6400K, reserved 1048576K
}
Event: 11.537 GC heap before
{Heap before GC invocations=13 (full 2):
 PSYoungGen      total 148992K, used 148977K [0x00000000e0000000, 0x00000000eb200000, 0x0000000100000000)
  eden space 137216K, 100% used [0x00000000e0000000,0x00000000e8600000,0x00000000e8600000)
  from space 11776K, 99% used [0x00000000ea680000,0x00000000eb1fc4f0,0x00000000eb200000)
  to   space 14336K, 0% used [0x00000000e9600000,0x00000000e9600000,0x00000000ea400000)
 ParOldGen       total 86016K, used 18699K [0x00000000a0000000, 0x00000000a5400000, 0x00000000e0000000)
  object space 86016K, 21% used [0x00000000a0000000,0x00000000a1242fb0,0x00000000a5400000)
 Metaspace       used 56045K, capacity 57842K, committed 58112K, reserved 1099776K
  class space    used 7747K, capacity 8186K, committed 8192K, reserved 1048576K
Event: 11.571 GC heap after
Heap after GC invocations=13 (full 2):
 PSYoungGen      total 167936K, used 14334K [0x00000000e0000000, 0x00000000ecb00000, 0x0000000100000000)
  eden space 153600K, 0% used [0x00000000e0000000,0x00000000e0000000,0x00000000e9600000)
  from space 14336K, 99% used [0x00000000e9600000,0x00000000ea3ffb18,0x00000000ea400000)
  to   space 18944K, 0% used [0x00000000eb880000,0x00000000eb880000,0x00000000ecb00000)
 ParOldGen       total 86016K, used 26873K [0x00000000a0000000, 0x00000000a5400000, 0x00000000e0000000)
  object space 86016K, 31% used [0x00000000a0000000,0x00000000a1a3e490,0x00000000a5400000)
 Metaspace       used 56045K, capacity 57842K, committed 58112K, reserved 1099776K
  class space    used 7747K, capacity 8186K, committed 8192K, reserved 1048576K
}
Event: 11.866 GC heap before
{Heap before GC invocations=14 (full 2):
 PSYoungGen      total 167936K, used 29351K [0x00000000e0000000, 0x00000000ecb00000, 0x0000000100000000)
  eden space 153600K, 9% used [0x00000000e0000000,0x00000000e0eaa100,0x00000000e9600000)
  from space 14336K, 99% used [0x00000000e9600000,0x00000000ea3ffb18,0x00000000ea400000)
  to   space 18944K, 0% used [0x00000000eb880000,0x00000000eb880000,0x00000000ecb00000)
 ParOldGen       total 86016K, used 26873K [0x00000000a0000000, 0x00000000a5400000, 0x00000000e0000000)
  object space 86016K, 31% used [0x00000000a0000000,0x00000000a1a3e490,0x00000000a5400000)
 Metaspace       used 57202K, capacity 58970K, committed 59096K, reserved 1099776K
  class space    used 7938K, capacity 8348K, committed 8448K, reserved 1048576K
Event: 11.881 GC heap after
Heap after GC invocations=14 (full 2):
 PSYoungGen      total 188416K, used 1845K [0x00000000e0000000, 0x00000000eea00000, 0x0000000100000000)
  eden space 169472K, 0% used [0x00000000e0000000,0x00000000e0000000,0x00000000ea580000)
  from space 18944K, 9% used [0x00000000eb880000,0x00000000eba4d498,0x00000000ecb00000)
  to   space 19456K, 0% used [0x00000000ea580000,0x00000000ea580000,0x00000000eb880000)
 ParOldGen       total 86016K, used 34655K [0x00000000a0000000, 0x00000000a5400000, 0x00000000e0000000)
  object space 86016K, 40% used [0x00000000a0000000,0x00000000a21d7c70,0x00000000a5400000)
 Metaspace       used 57202K, capacity 58970K, committed 59096K, reserved 1099776K
  class space    used 7938K, capacity 8348K, committed 8448K, reserved 1048576K
}
Event: 11.881 GC heap before
{Heap before GC invocations=15 (full 3):
 PSYoungGen      total 188416K, used 1845K [0x00000000e0000000, 0x00000000eea00000, 0x0000000100000000)
  eden space 169472K, 0% used [0x00000000e0000000,0x00000000e0000000,0x00000000ea580000)
  from space 18944K, 9% used [0x00000000eb880000,0x00000000eba4d498,0x00000000ecb00000)
  to   space 19456K, 0% used [0x00000000ea580000,0x00000000ea580000,0x00000000eb880000)
 ParOldGen       total 86016K, used 34655K [0x00000000a0000000, 0x00000000a5400000, 0x00000000e0000000)
  object space 86016K, 40% used [0x00000000a0000000,0x00000000a21d7c70,0x00000000a5400000)
 Metaspace       used 57202K, capacity 58970K, committed 59096K, reserved 1099776K
  class space    used 7938K, capacity 8348K, committed 8448K, reserved 1048576K
Event: 12.261 GC heap after
Heap after GC invocations=15 (full 3):
 PSYoungGen      total 188416K, used 0K [0x00000000e0000000, 0x00000000eea00000, 0x0000000100000000)
  eden space 169472K, 0% used [0x00000000e0000000,0x00000000e0000000,0x00000000ea580000)
  from space 18944K, 0% used [0x00000000eb880000,0x00000000eb880000,0x00000000ecb00000)
  to   space 19456K, 0% used [0x00000000ea580000,0x00000000ea580000,0x00000000eb880000)
 ParOldGen       total 131072K, used 29424K [0x00000000a0000000, 0x00000000a8000000, 0x00000000e0000000)
  object space 131072K, 22% used [0x00000000a0000000,0x00000000a1cbc1a8,0x00000000a8000000)
 Metaspace       used 57202K, capacity 58970K, committed 59096K, reserved 1099776K
  class space    used 7938K, capacity 8348K, committed 8448K, reserved 1048576K
}
Event: 16.075 GC heap before
{Heap before GC invocations=16 (full 3):
 PSYoungGen      total 188416K, used 169472K [0x00000000e0000000, 0x00000000eea00000, 0x0000000100000000)
  eden space 169472K, 100% used [0x00000000e0000000,0x00000000ea580000,0x00000000ea580000)
  from space 18944K, 0% used [0x00000000eb880000,0x00000000eb880000,0x00000000ecb00000)
  to   space 19456K, 0% used [0x00000000ea580000,0x00000000ea580000,0x00000000eb880000)
 ParOldGen       total 131072K, used 29424K [0x00000000a0000000, 0x00000000a8000000, 0x00000000e0000000)
  object space 131072K, 22% used [0x00000000a0000000,0x00000000a1cbc1a8,0x00000000a8000000)
 Metaspace       used 62918K, capacity 65320K, committed 65536K, reserved 1105920K
  class space    used 8553K, capacity 9093K, committed 9216K, reserved 1048576K
Event: 16.086 GC heap after
Heap after GC invocations=16 (full 3):
 PSYoungGen      total 188928K, used 17678K [0x00000000e0000000, 0x00000000eec80000, 0x0000000100000000)
  eden space 169472K, 0% used [0x00000000e0000000,0x00000000e0000000,0x00000000ea580000)
  from space 19456K, 90% used [0x00000000ea580000,0x00000000eb6c39f0,0x00000000eb880000)
  to   space 21504K, 0% used [0x00000000ed780000,0x00000000ed780000,0x00000000eec80000)
 ParOldGen       total 131072K, used 29432K [0x00000000a0000000, 0x00000000a8000000, 0x00000000e0000000)
  object space 131072K, 22% used [0x00000000a0000000,0x00000000a1cbe1a8,0x00000000a8000000)
 Metaspace       used 62918K, capacity 65320K, committed 65536K, reserved 1105920K
  class space    used 8553K, capacity 9093K, committed 9216K, reserved 1048576K
}

