# JRE version: OpenJDK Runtime Environment (8.0_212-b04) (build 1.8.0_212-release-1586-b04)
# Java VM: OpenJDK 64-Bit Server VM (25.212-b04 mixed mode windows-amd64 compressed oops)
Heap:
 PSYoungGen      total 190976K, used 45344K [0x00000000e0000000, 0x00000000efc80000, 0x0000000100000000)
  eden space 171520K, 15% used [0x00000000e0000000,0x00000000e1a681f8,0x00000000ea780000)
  from space 19456K, 94% used [0x00000000ea780000,0x00000000eb95ff60,0x00000000eba80000)
  to   space 22016K, 0% used [0x00000000ee700000,0x00000000ee700000,0x00000000efc80000)
 ParOldGen       total 123904K, used 29243K [0x00000000a0000000, 0x00000000a7900000, 0x00000000e0000000)
  object space 123904K, 23% used [0x00000000a0000000,0x00000000a1c8ee78,0x00000000a7900000)
 Metaspace       used 63236K, capacity 65588K, committed 65752K, reserved 1105920K
  class space    used 8552K, capacity 9057K, committed 9176K, reserved 1048576K
GC Heap History (10 events):
Event: 15.981 GC heap before
{Heap before GC invocations=12 (full 2):
 PSYoungGen      total 119296K, used 107520K [0x00000000e0000000, 0x00000000eab80000, 0x0000000100000000)
  eden space 107520K, 100% used [0x00000000e0000000,0x00000000e6900000,0x00000000e6900000)
  from space 11776K, 0% used [0x00000000e6900000,0x00000000e6900000,0x00000000e7480000)
  to   space 12288K, 0% used [0x00000000e9f80000,0x00000000e9f80000,0x00000000eab80000)
 ParOldGen       total 86528K, used 16794K [0x00000000a0000000, 0x00000000a5480000, 0x00000000e0000000)
  object space 86528K, 19% used [0x00000000a0000000,0x00000000a1066af0,0x00000000a5480000)
 Metaspace       used 45126K, capacity 46220K, committed 46336K, reserved 1089536K
  class space    used 6069K, capacity 6354K, committed 6400K, reserved 1048576K
Event: 16.002 GC heap after
Heap after GC invocations=12 (full 2):
 PSYoungGen      total 148992K, used 12270K [0x00000000e0000000, 0x00000000eab80000, 0x0000000100000000)
  eden space 136704K, 0% used [0x00000000e0000000,0x00000000e0000000,0x00000000e8580000)
  from space 12288K, 99% used [0x00000000e9f80000,0x00000000eab7b9d8,0x00000000eab80000)
  to   space 14848K, 0% used [0x00000000e8e80000,0x00000000e8e80000,0x00000000e9d00000)
 ParOldGen       total 86528K, used 19143K [0x00000000a0000000, 0x00000000a5480000, 0x00000000e0000000)
  object space 86528K, 22% used [0x00000000a0000000,0x00000000a12b1f88,0x00000000a5480000)
 Metaspace       used 45126K, capacity 46220K, committed 46336K, reserved 1089536K
  class space    used 6069K, capacity 6354K, committed 6400K, reserved 1048576K
}
Event: 19.049 GC heap before
{Heap before GC invocations=13 (full 2):
 PSYoungGen      total 148992K, used 148974K [0x00000000e0000000, 0x00000000eab80000, 0x0000000100000000)
  eden space 136704K, 100% used [0x00000000e0000000,0x00000000e8580000,0x00000000e8580000)
  from space 12288K, 99% used [0x00000000e9f80000,0x00000000eab7b9d8,0x00000000eab80000)
  to   space 14848K, 0% used [0x00000000e8e80000,0x00000000e8e80000,0x00000000e9d00000)
 ParOldGen       total 86528K, used 19143K [0x00000000a0000000, 0x00000000a5480000, 0x00000000e0000000)
  object space 86528K, 22% used [0x00000000a0000000,0x00000000a12b1f88,0x00000000a5480000)
 Metaspace       used 56294K, capacity 58142K, committed 58496K, reserved 1099776K
  class space    used 7784K, capacity 8218K, committed 8320K, reserved 1048576K
Event: 19.075 GC heap after
Heap after GC invocations=13 (full 2):
 PSYoungGen      total 160768K, used 14835K [0x00000000e0000000, 0x00000000ecd00000, 0x0000000100000000)
  eden space 145920K, 0% used [0x00000000e0000000,0x00000000e0000000,0x00000000e8e80000)
  from space 14848K, 99% used [0x00000000e8e80000,0x00000000e9cfcff8,0x00000000e9d00000)
  to   space 18944K, 0% used [0x00000000eba80000,0x00000000eba80000,0x00000000ecd00000)
 ParOldGen       total 86528K, used 25862K [0x00000000a0000000, 0x00000000a5480000, 0x00000000e0000000)
  object space 86528K, 29% used [0x00000000a0000000,0x00000000a1941870,0x00000000a5480000)
 Metaspace       used 56294K, capacity 58142K, committed 58496K, reserved 1099776K
  class space    used 7784K, capacity 8218K, committed 8320K, reserved 1048576K
}
Event: 19.289 GC heap before
{Heap before GC invocations=14 (full 2):
 PSYoungGen      total 160768K, used 27220K [0x00000000e0000000, 0x00000000ecd00000, 0x0000000100000000)
  eden space 145920K, 8% used [0x00000000e0000000,0x00000000e0c18270,0x00000000e8e80000)
  from space 14848K, 99% used [0x00000000e8e80000,0x00000000e9cfcff8,0x00000000e9d00000)
  to   space 18944K, 0% used [0x00000000eba80000,0x00000000eba80000,0x00000000ecd00000)
 ParOldGen       total 86528K, used 25862K [0x00000000a0000000, 0x00000000a5480000, 0x00000000e0000000)
  object space 86528K, 29% used [0x00000000a0000000,0x00000000a1941870,0x00000000a5480000)
 Metaspace       used 57187K, capacity 58982K, committed 59096K, reserved 1099776K
  class space    used 7930K, capacity 8348K, committed 8408K, reserved 1048576K
Event: 19.302 GC heap after
Heap after GC invocations=14 (full 2):
 PSYoungGen      total 190464K, used 1429K [0x00000000e0000000, 0x00000000ee700000, 0x0000000100000000)
  eden space 171520K, 0% used [0x00000000e0000000,0x00000000e0000000,0x00000000ea780000)
  from space 18944K, 7% used [0x00000000eba80000,0x00000000ebbe5498,0x00000000ecd00000)
  to   space 19456K, 0% used [0x00000000ea780000,0x00000000ea780000,0x00000000eba80000)
 ParOldGen       total 86528K, used 33788K [0x00000000a0000000, 0x00000000a5480000, 0x00000000e0000000)
  object space 86528K, 39% used [0x00000000a0000000,0x00000000a20ff070,0x00000000a5480000)
 Metaspace       used 57187K, capacity 58982K, committed 59096K, reserved 1099776K
  class space    used 7930K, capacity 8348K, committed 8408K, reserved 1048576K
}
Event: 19.302 GC heap before
{Heap before GC invocations=15 (full 3):
 PSYoungGen      total 190464K, used 1429K [0x00000000e0000000, 0x00000000ee700000, 0x0000000100000000)
  eden space 171520K, 0% used [0x00000000e0000000,0x00000000e0000000,0x00000000ea780000)
  from space 18944K, 7% used [0x00000000eba80000,0x00000000ebbe5498,0x00000000ecd00000)
  to   space 19456K, 0% used [0x00000000ea780000,0x00000000ea780000,0x00000000eba80000)
 ParOldGen       total 86528K, used 33788K [0x00000000a0000000, 0x00000000a5480000, 0x00000000e0000000)
  object space 86528K, 39% used [0x00000000a0000000,0x00000000a20ff070,0x00000000a5480000)
 Metaspace       used 57187K, capacity 58982K, committed 59096K, reserved 1099776K
  class space    used 7930K, capacity 8348K, committed 8408K, reserved 1048576K
Event: 19.590 GC heap after
Heap after GC invocations=15 (full 3):
 PSYoungGen      total 190464K, used 0K [0x00000000e0000000, 0x00000000ee700000, 0x0000000100000000)
  eden space 171520K, 0% used [0x00000000e0000000,0x00000000e0000000,0x00000000ea780000)
  from space 18944K, 0% used [0x00000000eba80000,0x00000000eba80000,0x00000000ecd00000)
  to   space 19456K, 0% used [0x00000000ea780000,0x00000000ea780000,0x00000000eba80000)
 ParOldGen       total 123904K, used 29235K [0x00000000a0000000, 0x00000000a7900000, 0x00000000e0000000)
  object space 123904K, 23% used [0x00000000a0000000,0x00000000a1c8ce78,0x00000000a7900000)
 Metaspace       used 57187K, capacity 58982K, committed 59096K, reserved 1099776K
  class space    used 7930K, capacity 8348K, committed 8408K, reserved 1048576K
}
Event: 26.391 GC heap before
{Heap before GC invocations=16 (full 3):
 PSYoungGen      total 190464K, used 171520K [0x00000000e0000000, 0x00000000ee700000, 0x0000000100000000)
  eden space 171520K, 100% used [0x00000000e0000000,0x00000000ea780000,0x00000000ea780000)
  from space 18944K, 0% used [0x00000000eba80000,0x00000000eba80000,0x00000000ecd00000)
  to   space 19456K, 0% used [0x00000000ea780000,0x00000000ea780000,0x00000000eba80000)
 ParOldGen       total 123904K, used 29235K [0x00000000a0000000, 0x00000000a7900000, 0x00000000e0000000)
  object space 123904K, 23% used [0x00000000a0000000,0x00000000a1c8ce78,0x00000000a7900000)
 Metaspace       used 62991K, capacity 65292K, committed 65496K, reserved 1105920K
  class space    used 8537K, capacity 9051K, committed 9176K, reserved 1048576K
Event: 26.419 GC heap after
Heap after GC invocations=16 (full 3):
 PSYoungGen      total 190976K, used 18303K [0x00000000e0000000, 0x00000000efc80000, 0x0000000100000000)
  eden space 171520K, 0% used [0x00000000e0000000,0x00000000e0000000,0x00000000ea780000)
  from space 19456K, 94% used [0x00000000ea780000,0x00000000eb95ff60,0x00000000eba80000)
  to   space 22016K, 0% used [0x00000000ee700000,0x00000000ee700000,0x00000000efc80000)
 ParOldGen       total 123904K, used 29243K [0x00000000a0000000, 0x00000000a7900000, 0x00000000e0000000)
  object space 123904K, 23% used [0x00000000a0000000,0x00000000a1c8ee78,0x00000000a7900000)
 Metaspace       used 62991K, capacity 65292K, committed 65496K, reserved 1105920K
  class space    used 8537K, capacity 9051K, committed 9176K, reserved 1048576K
}

