# JRE version: OpenJDK Runtime Environment (8.0_212-b04) (build 1.8.0_212-release-1586-b04)
# Java VM: OpenJDK 64-Bit Server VM (25.212-b04 mixed mode windows-amd64 compressed oops)
Heap:
 PSYoungGen      total 190464K, used 156359K [0x00000000e0000000, 0x00000000ed080000, 0x0000000100000000)
  eden space 174592K, 82% used [0x00000000e0000000,0x00000000e8bdcb00,0x00000000eaa80000)
  from space 15872K, 82% used [0x00000000ec100000,0x00000000ecdd51d8,0x00000000ed080000)
  to   space 19456K, 0% used [0x00000000eaa80000,0x00000000eaa80000,0x00000000ebd80000)
 ParOldGen       total 142848K, used 30200K [0x00000000a0000000, 0x00000000a8b80000, 0x00000000e0000000)
  object space 142848K, 21% used [0x00000000a0000000,0x00000000a1d7e028,0x00000000a8b80000)
 Metaspace       used 74430K, capacity 77630K, committed 77784K, reserved 1116160K
  class space    used 10037K, capacity 10700K, committed 10712K, reserved 1048576K
GC Heap History (10 events):
Event: 13.152 GC heap before
{Heap before GC invocations=13 (full 2):
 PSYoungGen      total 132608K, used 132606K [0x00000000e0000000, 0x00000000e9080000, 0x0000000100000000)
  eden space 120320K, 100% used [0x00000000e0000000,0x00000000e7580000,0x00000000e7580000)
  from space 12288K, 99% used [0x00000000e8380000,0x00000000e8f7fbf0,0x00000000e8f80000)
  to   space 13824K, 0% used [0x00000000e7580000,0x00000000e7580000,0x00000000e8300000)
 ParOldGen       total 97792K, used 17064K [0x00000000a0000000, 0x00000000a5f80000, 0x00000000e0000000)
  object space 97792K, 17% used [0x00000000a0000000,0x00000000a10aa2f0,0x00000000a5f80000)
 Metaspace       used 54509K, capacity 56284K, committed 56320K, reserved 1097728K
  class space    used 7522K, capacity 7925K, committed 7936K, reserved 1048576K
Event: 13.186 GC heap after
Heap after GC invocations=13 (full 2):
 PSYoungGen      total 134144K, used 13798K [0x00000000e0000000, 0x00000000eb800000, 0x0000000100000000)
  eden space 120320K, 0% used [0x00000000e0000000,0x00000000e0000000,0x00000000e7580000)
  from space 13824K, 99% used [0x00000000e7580000,0x00000000e82f9a88,0x00000000e8300000)
  to   space 17408K, 0% used [0x00000000ea700000,0x00000000ea700000,0x00000000eb800000)
 ParOldGen       total 97792K, used 22764K [0x00000000a0000000, 0x00000000a5f80000, 0x00000000e0000000)
  object space 97792K, 23% used [0x00000000a0000000,0x00000000a163b1c8,0x00000000a5f80000)
 Metaspace       used 54509K, capacity 56284K, committed 56320K, reserved 1097728K
  class space    used 7522K, capacity 7925K, committed 7936K, reserved 1048576K
}
Event: 14.004 GC heap before
{Heap before GC invocations=14 (full 2):
 PSYoungGen      total 134144K, used 50732K [0x00000000e0000000, 0x00000000eb800000, 0x0000000100000000)
  eden space 120320K, 30% used [0x00000000e0000000,0x00000000e2411648,0x00000000e7580000)
  from space 13824K, 99% used [0x00000000e7580000,0x00000000e82f9a88,0x00000000e8300000)
  to   space 17408K, 0% used [0x00000000ea700000,0x00000000ea700000,0x00000000eb800000)
 ParOldGen       total 97792K, used 22764K [0x00000000a0000000, 0x00000000a5f80000, 0x00000000e0000000)
  object space 97792K, 23% used [0x00000000a0000000,0x00000000a163b1c8,0x00000000a5f80000)
 Metaspace       used 57103K, capacity 59008K, committed 59096K, reserved 1099776K
  class space    used 7921K, capacity 8353K, committed 8408K, reserved 1048576K
Event: 14.024 GC heap after
Heap after GC invocations=14 (full 2):
 PSYoungGen      total 168960K, used 16325K [0x00000000e0000000, 0x00000000ebf80000, 0x0000000100000000)
  eden space 151552K, 0% used [0x00000000e0000000,0x00000000e0000000,0x00000000e9400000)
  from space 17408K, 93% used [0x00000000ea700000,0x00000000eb6f1468,0x00000000eb800000)
  to   space 19456K, 0% used [0x00000000e9400000,0x00000000e9400000,0x00000000ea700000)
 ParOldGen       total 97792K, used 22772K [0x00000000a0000000, 0x00000000a5f80000, 0x00000000e0000000)
  object space 97792K, 23% used [0x00000000a0000000,0x00000000a163d1c8,0x00000000a5f80000)
 Metaspace       used 57103K, capacity 59008K, committed 59096K, reserved 1099776K
  class space    used 7921K, capacity 8353K, committed 8408K, reserved 1048576K
}
Event: 14.024 GC heap before
{Heap before GC invocations=15 (full 3):
 PSYoungGen      total 168960K, used 16325K [0x00000000e0000000, 0x00000000ebf80000, 0x0000000100000000)
  eden space 151552K, 0% used [0x00000000e0000000,0x00000000e0000000,0x00000000e9400000)
  from space 17408K, 93% used [0x00000000ea700000,0x00000000eb6f1468,0x00000000eb800000)
  to   space 19456K, 0% used [0x00000000e9400000,0x00000000e9400000,0x00000000ea700000)
 ParOldGen       total 97792K, used 22772K [0x00000000a0000000, 0x00000000a5f80000, 0x00000000e0000000)
  object space 97792K, 23% used [0x00000000a0000000,0x00000000a163d1c8,0x00000000a5f80000)
 Metaspace       used 57103K, capacity 59008K, committed 59096K, reserved 1099776K
  class space    used 7921K, capacity 8353K, committed 8408K, reserved 1048576K
Event: 14.278 GC heap after
Heap after GC invocations=15 (full 3):
 PSYoungGen      total 168960K, used 0K [0x00000000e0000000, 0x00000000ebf80000, 0x0000000100000000)
  eden space 151552K, 0% used [0x00000000e0000000,0x00000000e0000000,0x00000000e9400000)
  from space 17408K, 0% used [0x00000000ea700000,0x00000000ea700000,0x00000000eb800000)
  to   space 19456K, 0% used [0x00000000e9400000,0x00000000e9400000,0x00000000ea700000)
 ParOldGen       total 142848K, used 30184K [0x00000000a0000000, 0x00000000a8b80000, 0x00000000e0000000)
  object space 142848K, 21% used [0x00000000a0000000,0x00000000a1d7a028,0x00000000a8b80000)
 Metaspace       used 57103K, capacity 59008K, committed 59096K, reserved 1099776K
  class space    used 7921K, capacity 8353K, committed 8408K, reserved 1048576K
}
Event: 18.851 GC heap before
{Heap before GC invocations=16 (full 3):
 PSYoungGen      total 168960K, used 151552K [0x00000000e0000000, 0x00000000ebf80000, 0x0000000100000000)
  eden space 151552K, 100% used [0x00000000e0000000,0x00000000e9400000,0x00000000e9400000)
  from space 17408K, 0% used [0x00000000ea700000,0x00000000ea700000,0x00000000eb800000)
  to   space 19456K, 0% used [0x00000000e9400000,0x00000000e9400000,0x00000000ea700000)
 ParOldGen       total 142848K, used 30184K [0x00000000a0000000, 0x00000000a8b80000, 0x00000000e0000000)
  object space 142848K, 21% used [0x00000000a0000000,0x00000000a1d7a028,0x00000000a8b80000)
 Metaspace       used 64477K, capacity 66866K, committed 67288K, reserved 1107968K
  class space    used 8784K, capacity 9308K, committed 9432K, reserved 1048576K
Event: 18.863 GC heap after
Heap after GC invocations=16 (full 3):
 PSYoungGen      total 171008K, used 12033K [0x00000000e0000000, 0x00000000ed400000, 0x0000000100000000)
  eden space 151552K, 0% used [0x00000000e0000000,0x00000000e0000000,0x00000000e9400000)
  from space 19456K, 61% used [0x00000000e9400000,0x00000000e9fc0730,0x00000000ea700000)
  to   space 19456K, 0% used [0x00000000ec100000,0x00000000ec100000,0x00000000ed400000)
 ParOldGen       total 142848K, used 30192K [0x00000000a0000000, 0x00000000a8b80000, 0x00000000e0000000)
  object space 142848K, 21% used [0x00000000a0000000,0x00000000a1d7c028,0x00000000a8b80000)
 Metaspace       used 64477K, capacity 66866K, committed 67288K, reserved 1107968K
  class space    used 8784K, capacity 9308K, committed 9432K, reserved 1048576K
}
Event: 23.303 GC heap before
{Heap before GC invocations=17 (full 3):
 PSYoungGen      total 171008K, used 163585K [0x00000000e0000000, 0x00000000ed400000, 0x0000000100000000)
  eden space 151552K, 100% used [0x00000000e0000000,0x00000000e9400000,0x00000000e9400000)
  from space 19456K, 61% used [0x00000000e9400000,0x00000000e9fc0730,0x00000000ea700000)
  to   space 19456K, 0% used [0x00000000ec100000,0x00000000ec100000,0x00000000ed400000)
 ParOldGen       total 142848K, used 30192K [0x00000000a0000000, 0x00000000a8b80000, 0x00000000e0000000)
  object space 142848K, 21% used [0x00000000a0000000,0x00000000a1d7c028,0x00000000a8b80000)
 Metaspace       used 69118K, capacity 71744K, committed 71896K, reserved 1112064K
  class space    used 9247K, capacity 9837K, committed 9944K, reserved 1048576K
Event: 23.318 GC heap after
Heap after GC invocations=17 (full 3):
 PSYoungGen      total 190464K, used 13140K [0x00000000e0000000, 0x00000000ed080000, 0x0000000100000000)
  eden space 174592K, 0% used [0x00000000e0000000,0x00000000e0000000,0x00000000eaa80000)
  from space 15872K, 82% used [0x00000000ec100000,0x00000000ecdd51d8,0x00000000ed080000)
  to   space 19456K, 0% used [0x00000000eaa80000,0x00000000eaa80000,0x00000000ebd80000)
 ParOldGen       total 142848K, used 30200K [0x00000000a0000000, 0x00000000a8b80000, 0x00000000e0000000)
  object space 142848K, 21% used [0x00000000a0000000,0x00000000a1d7e028,0x00000000a8b80000)
 Metaspace       used 69118K, capacity 71744K, committed 71896K, reserved 1112064K
  class space    used 9247K, capacity 9837K, committed 9944K, reserved 1048576K
}

